<?xml version="1.0" encoding="UTF-8"?>
<!-- Generated by org.testng.reporters.JUnitReportReporter -->
<testsuite hostname="DESKTOP-A3C766P" failures="0" tests="2" name="TestNupdates.DataProviderPrgm" time="0.008" errors="0" timestamp="2023-12-25T01:39:27 IST" skipped="0">
  <testcase classname="TestNupdates.DataProviderPrgm" name="getData" time="0.007"/>
  <system-out/>
  <testcase classname="TestNupdates.DataProviderPrgm" name="getData" time="0.001"/>
  <system-out/>
</testsuite> <!-- TestNupdates.DataProviderPrgm -->
