<?xml version="1.0" encoding="UTF-8"?>
<!-- Generated by org.testng.reporters.JUnitReportReporter -->
<testsuite hostname="DESKTOP-A3C766P" failures="0" tests="8" name="TestNupdates.DependsOnMethodPrgm" time="0.016" errors="0" timestamp="2023-12-25T01:39:27 IST" skipped="0">
  <testcase classname="TestNupdates.DependsOnMethodPrgm" name="hello" time="0.004"/>
  <system-out/>
  <testcase classname="TestNupdates.DependsOnMethodPrgm" name="seeyou" time="0.001"/>
  <system-out/>
  <testcase classname="TestNupdates.DependsOnMethodPrgm" name="seeyou" time="0.001"/>
  <system-out/>
  <testcase classname="TestNupdates.DependsOnMethodPrgm" name="seeyou" time="0.001"/>
  <system-out/>
  <testcase classname="TestNupdates.DependsOnMethodPrgm" name="hi" time="0.001"/>
  <system-out/>
  <testcase classname="TestNupdates.DependsOnMethodPrgm" name="bye" time="0.003"/>
  <system-out/>
  <testcase classname="TestNupdates.DependsOnMethodPrgm" name="good" time="0.001"/>
  <system-out/>
  <testcase classname="TestNupdates.DependsOnMethodPrgm" name="seeyou" time="0.004"/>
  <system-out/>
</testsuite> <!-- TestNupdates.DependsOnMethodPrgm -->
