<?xml version="1.0" encoding="UTF-8"?>
<!-- Generated by org.testng.reporters.JUnitReportReporter -->
<testsuite hostname="DESKTOP-A3C766P" failures="0" tests="4" name="TestNupdates.BasicPrgm" time="0.011" errors="0" timestamp="2023-12-25T01:39:27 IST" skipped="0">
  <testcase classname="TestNupdates.BasicPrgm" name="div" time="0.003"/>
  <system-out/>
  <testcase classname="TestNupdates.BasicPrgm" name="subtraction" time="0.003"/>
  <system-out/>
  <testcase classname="TestNupdates.BasicPrgm" name="mul" time="0.003"/>
  <system-out/>
  <testcase classname="TestNupdates.BasicPrgm" name="add" time="0.002"/>
  <system-out/>
</testsuite> <!-- TestNupdates.BasicPrgm -->
